2023-06-21 01:05:21.002  INFO 24748 --- [SpringApplicationShutdownHook] j.LocalContainerEntityManagerFactoryBean : Closing JPA EntityManagerFactory for persistence unit 'default'
2023-06-21 01:05:21.033  INFO 24748 --- [SpringApplicationShutdownHook] com.zaxxer.hikari.HikariDataSource       : HikariPool-1 - Shutdown initiated...
2023-06-21 01:05:21.038  INFO 24748 --- [SpringApplicationShutdownHook] com.zaxxer.hikari.HikariDataSource       : HikariPool-1 - Shutdown completed.
2023-06-21 17:50:42.919  INFO 12220 --- [restartedMain] j.io.thesisservice.SpringApiApplication  : Starting SpringApiApplication using Java 11.0.13 on ZIN-PC with PID 12220 (D:\DHThuyLoi\DATN2\quanlydoan\ThucHanhJavaWeb\ThucHanhJavaWeb\thesis-service\target\classes started by ZIN in D:\DHThuyLoi\DATN2\quanlydoan\ThucHanhJavaWeb\ThucHanhJavaWeb\thesis-service)
2023-06-21 17:50:42.921  INFO 12220 --- [restartedMain] j.io.thesisservice.SpringApiApplication  : No active profile set, falling back to 1 default profile: "default"
2023-06-21 17:50:43.041  INFO 12220 --- [restartedMain] .e.DevToolsPropertyDefaultsPostProcessor : Devtools property defaults active! Set 'spring.devtools.add-properties' to 'false' to disable
2023-06-21 17:50:43.041  INFO 12220 --- [restartedMain] .e.DevToolsPropertyDefaultsPostProcessor : For additional web related logging consider setting the 'logging.level.web' property to 'DEBUG'
2023-06-21 17:50:45.623  INFO 12220 --- [restartedMain] .s.d.r.c.RepositoryConfigurationDelegate : Bootstrapping Spring Data JPA repositories in DEFAULT mode.
2023-06-21 17:50:45.796  INFO 12220 --- [restartedMain] .s.d.r.c.RepositoryConfigurationDelegate : Finished Spring Data repository scanning in 159 ms. Found 12 JPA repository interfaces.
2023-06-21 17:50:47.938  INFO 12220 --- [restartedMain] o.s.b.w.embedded.tomcat.TomcatWebServer  : Tomcat initialized with port(s): 8811 (http)
2023-06-21 17:50:47.957  INFO 12220 --- [restartedMain] o.apache.catalina.core.StandardService   : Starting service [Tomcat]
2023-06-21 17:50:47.957  INFO 12220 --- [restartedMain] org.apache.catalina.core.StandardEngine  : Starting Servlet engine: [Apache Tomcat/9.0.71]
2023-06-21 17:50:48.152  INFO 12220 --- [restartedMain] o.a.c.c.C.[Tomcat].[localhost].[/]       : Initializing Spring embedded WebApplicationContext
2023-06-21 17:50:48.153  INFO 12220 --- [restartedMain] w.s.c.ServletWebServerApplicationContext : Root WebApplicationContext: initialization completed in 5111 ms
2023-06-21 17:50:48.477  INFO 12220 --- [restartedMain] com.zaxxer.hikari.HikariDataSource       : HikariPool-1 - Starting...
2023-06-21 17:50:48.817  INFO 12220 --- [restartedMain] com.zaxxer.hikari.HikariDataSource       : HikariPool-1 - Start completed.
2023-06-21 17:50:48.913  INFO 12220 --- [restartedMain] o.hibernate.jpa.internal.util.LogHelper  : HHH000204: Processing PersistenceUnitInfo [name: default]
2023-06-21 17:50:49.021  INFO 12220 --- [restartedMain] org.hibernate.Version                    : HHH000412: Hibernate ORM core version 5.6.15.Final
2023-06-21 17:50:49.326  INFO 12220 --- [restartedMain] o.hibernate.annotations.common.Version   : HCANN000001: Hibernate Commons Annotations {5.1.2.Final}
2023-06-21 17:50:49.545  INFO 12220 --- [restartedMain] org.hibernate.dialect.Dialect            : HHH000400: Using dialect: org.hibernate.dialect.MySQL8Dialect
2023-06-21 17:50:51.359  INFO 12220 --- [restartedMain] o.h.e.t.j.p.i.JtaPlatformInitiator       : HHH000490: Using JtaPlatform implementation: [org.hibernate.engine.transaction.jta.platform.internal.NoJtaPlatform]
2023-06-21 17:50:51.375  INFO 12220 --- [restartedMain] j.LocalContainerEntityManagerFactoryBean : Initialized JPA EntityManagerFactory for persistence unit 'default'
2023-06-21 17:50:53.791  INFO 12220 --- [restartedMain] o.s.s.web.DefaultSecurityFilterChain     : Will secure any request with [org.springframework.security.web.session.DisableEncodeUrlFilter@1856523d, org.springframework.security.web.context.request.async.WebAsyncManagerIntegrationFilter@7553799, org.springframework.security.web.context.SecurityContextPersistenceFilter@b94703f, org.springframework.security.web.header.HeaderWriterFilter@7a3f12d, org.springframework.web.filter.CorsFilter@53fb9cdb, org.springframework.security.web.authentication.logout.LogoutFilter@3de3ab6e, jmaster.io.thesisservice.JwtTokenFilter@3a046c2f, org.springframework.security.web.savedrequest.RequestCacheAwareFilter@1cb096c5, org.springframework.security.web.servletapi.SecurityContextHolderAwareRequestFilter@72c51bc5, org.springframework.security.web.authentication.AnonymousAuthenticationFilter@7a629580, org.springframework.security.web.session.SessionManagementFilter@61f40636, org.springframework.security.web.access.ExceptionTranslationFilter@4ba5de46, org.springframework.security.web.access.intercept.FilterSecurityInterceptor@69ceca44]
2023-06-21 17:50:54.119  WARN 12220 --- [restartedMain] JpaBaseConfiguration$JpaWebConfiguration : spring.jpa.open-in-view is enabled by default. Therefore, database queries may be performed during view rendering. Explicitly configure spring.jpa.open-in-view to disable this warning
2023-06-21 17:50:56.320  INFO 12220 --- [restartedMain] o.s.b.d.a.OptionalLiveReloadServer       : LiveReload server is running on port 35729
2023-06-21 17:50:56.423  INFO 12220 --- [restartedMain] o.s.b.w.embedded.tomcat.TomcatWebServer  : Tomcat started on port(s): 8811 (http) with context path ''
2023-06-21 17:50:56.450  INFO 12220 --- [restartedMain] j.io.thesisservice.SpringApiApplication  : Started SpringApiApplication in 14.431 seconds (JVM running for 15.805)
2023-06-21 17:54:22.999  INFO 12220 --- [http-nio-8811-exec-1] o.a.c.c.C.[Tomcat].[localhost].[/]       : Initializing Spring DispatcherServlet 'dispatcherServlet'
2023-06-21 17:54:22.999  INFO 12220 --- [http-nio-8811-exec-1] o.s.web.servlet.DispatcherServlet        : Initializing Servlet 'dispatcherServlet'
2023-06-21 17:54:23.002  INFO 12220 --- [http-nio-8811-exec-1] o.s.web.servlet.DispatcherServlet        : Completed initialization in 3 ms
2023-06-21 17:54:24.459  WARN 12220 --- [http-nio-8811-exec-3] o.a.c.util.SessionIdGeneratorBase        : Creation of SecureRandom instance for session ID generation using [SHA1PRNG] took [457] milliseconds.
